#
# A fatal error has been detected by the Java Runtime Environment:
#
#  EXCEPTION_ACCESS_VIOLATION (0xc0000005) at pc=0x00007ff96c58df23, pid=9980, tid=0x00000000000004d8
#
# JRE version: Java(TM) SE Runtime Environment (8.0_111-b14) (build 1.8.0_111-b14)
# Java VM: Java HotSpot(TM) 64-Bit Server VM (25.111-b14 mixed mode windows-amd64 compressed oops)
# Problematic frame:
# C  [ntdll.dll+0x4df23]
#
# Failed to write core dump. Minidumps are not enabled by default on client versions of Windows
#
# If you would like to submit a bug report, please visit:
#   http://bugreport.java.com/bugreport/crash.jsp
# The crash happened outside the Java Virtual Machine in native code.
# See problematic frame for where to report the bug.
#

---------------  T H R E A D  ---------------

Current thread (0x0000000017b18800):  JavaThread "Thread-4" [_thread_in_native, id=1240, stack(0x0000000021260000,0x0000000021360000)]

siginfo: ExceptionCode=0xc0000005, writing address 0x0000000000000024

Registers:
RAX=0xffffffffffffffff, RBX=0x0000000017666778, RCX=0x0000000000000000, RDX=0xffffffffffffffff
RSP=0x000000002135efb0, RBP=0x0000000000000001, RSI=0x0000000000000000, RDI=0x0000000000000000
R8 =0x00000000fffffffa, R9 =0x00007ff920c6e600, R10=0x0000000000000000, R11=0x0000000000000246
R12=0x0000000000000000, R13=0xffffffffffffffff, R14=0x0000000000dcf000, R15=0x0000000000000000
RIP=0x00007ff96c58df23, EFLAGS=0x0000000000010213

Top of Stack: (sp=0x000000002135efb0)
0x000000002135efb0:   ffffffffffffffff 0000000017666778
0x000000002135efc0:   0000000000000000 00000000eb2a3518
0x000000002135efd0:   00000000186ebb20 00007ff9690683d3
0x000000002135efe0:   0000000017b18800 0000000000000001
0x000000002135eff0:   000000001a8be050 0000000000000000
0x000000002135f000:   0000000000000000 0000000000000000
0x000000002135f010:   0000000000000001 00007ff96c549bbc
0x000000002135f020:   0000000000000000 00000000fffffffa
0x000000002135f030:   0000000000dcf000 0000000017666778
0x000000002135f040:   000000002135f1f0 00007ff96c549ad0
0x000000002135f050:   00007ff920c6e640 00007ff920c6e600
0x000000002135f060:   0000000000000000 0000000000000000
0x000000002135f070:   0000000000000000 00007ff920a55963
0x000000002135f080:   00007ff920c6e640 0000000000000000
0x000000002135f090:   0000000000000000 00000000000007ec
0x000000002135f0a0:   00000000c1809a48 00000000c1809b20 

Instructions: (pc=0x00007ff96c58df23)
0x00007ff96c58df03:   45 f7 48 39 7b 18 0f 84 bc 00 00 00 48 8b 0b 49
0x00007ff96c58df13:   3b cd 0f 84 bd 00 00 00 44 8b e7 49 3b cd 74 03
0x00007ff96c58df23:   ff 41 24 4c 8b 6b 18 48 8d 2d c7 15 11 00 45 33
0x00007ff96c58df33:   f6 e8 47 4b fc ff 85 c0 0f 85 c7 df 06 00 b9 82 


Register to memory mapping:

RAX=0xffffffffffffffff is an unknown value
RBX=0x0000000017666778 is an unknown value
RCX=0x0000000000000000 is an unknown value
RDX=0xffffffffffffffff is an unknown value
RSP=0x000000002135efb0 is pointing into the stack for thread: 0x0000000017b18800
RBP=0x0000000000000001 is an unknown value
RSI=0x0000000000000000 is an unknown value
RDI=0x0000000000000000 is an unknown value
R8 =0x00000000fffffffa is an unallocated location in the heap
R9 =0x00007ff920c6e600 is an unknown value
R10=0x0000000000000000 is an unknown value
R11=0x0000000000000246 is an unknown value
R12=0x0000000000000000 is an unknown value
R13=0xffffffffffffffff is an unknown value
R14=0x0000000000dcf000 is an unknown value
R15=0x0000000000000000 is an unknown value


Stack: [0x0000000021260000,0x0000000021360000],  sp=0x000000002135efb0,  free space=1019k
Native frames: (J=compiled Java code, j=interpreted, Vv=VM code, C=native code)
C  [ntdll.dll+0x4df23]
C  [ntdll.dll+0x9bbc]
C  [ntdll.dll+0x9ad0]
C  [opencv_highgui248.dll+0x15963]
C  [opencv_highgui248.dll+0x16946]
C  [opencv_highgui248.dll+0x10b2]
C  [jniopencv_highgui.dll+0x75d9]
C  0x0000000003061754

Java frames: (J=compiled Java code, j=interpreted, Vv=VM code)
J 1336  com.googlecode.javacv.cpp.opencv_highgui.cvQueryFrame(Lcom/googlecode/javacv/cpp/opencv_highgui$CvCapture;)Lcom/googlecode/javacv/cpp/opencv_core$IplImage; (0 bytes) @ 0x00000000030616d2 [0x0000000003061680+0x52]
j  ehealthsys.Imagecapture$4.run()V+46
v  ~StubRoutines::call_stub

---------------  P R O C E S S  ---------------

Java Threads: ( => current thread )
=>0x0000000017b18800 JavaThread "Thread-4" [_thread_in_native, id=1240, stack(0x0000000021260000,0x0000000021360000)]
  0x0000000002e7e000 JavaThread "DestroyJavaVM" [_thread_blocked, id=6068, stack(0x0000000002b30000,0x0000000002c30000)]
  0x0000000017603800 JavaThread "AWT-EventQueue-0" [_thread_blocked, id=7920, stack(0x00000000185a0000,0x00000000186a0000)]
  0x0000000017201800 JavaThread "AWT-Windows" daemon [_thread_in_native, id=7748, stack(0x0000000017f60000,0x0000000018060000)]
  0x0000000017201000 JavaThread "AWT-Shutdown" [_thread_blocked, id=7940, stack(0x0000000017e60000,0x0000000017f60000)]
  0x0000000017200000 JavaThread "Java2D Disposer" daemon [_thread_blocked, id=6044, stack(0x0000000017d60000,0x0000000017e60000)]
  0x0000000016e40800 JavaThread "Service Thread" daemon [_thread_blocked, id=3040, stack(0x0000000017220000,0x0000000017320000)]
  0x00000000154ae000 JavaThread "C1 CompilerThread2" daemon [_thread_blocked, id=9800, stack(0x0000000016d20000,0x0000000016e20000)]
  0x00000000154bb000 JavaThread "C2 CompilerThread1" daemon [_thread_blocked, id=7708, stack(0x0000000016c20000,0x0000000016d20000)]
  0x00000000154b8800 JavaThread "C2 CompilerThread0" daemon [_thread_blocked, id=9716, stack(0x0000000016b20000,0x0000000016c20000)]
  0x00000000154b7000 JavaThread "Attach Listener" daemon [_thread_blocked, id=4824, stack(0x0000000016a20000,0x0000000016b20000)]
  0x00000000154b6000 JavaThread "Signal Dispatcher" daemon [_thread_blocked, id=9768, stack(0x0000000016920000,0x0000000016a20000)]
  0x0000000002d9a800 JavaThread "Finalizer" daemon [_thread_blocked, id=2656, stack(0x0000000016720000,0x0000000016820000)]
  0x0000000002d91000 JavaThread "Reference Handler" daemon [_thread_blocked, id=7512, stack(0x0000000016620000,0x0000000016720000)]

Other Threads:
  0x0000000015477000 VMThread [stack: 0x0000000016520000,0x0000000016620000] [id=6624]
  0x000000001550e800 WatcherThread [stack: 0x0000000017320000,0x0000000017420000] [id=8372]

VM state:not at safepoint (normal execution)

VM Mutex/Monitor currently owned by a thread: None

Heap:
 PSYoungGen      total 108544K, used 23900K [0x00000000eb000000, 0x00000000f3f00000, 0x0000000100000000)
  eden space 77824K, 6% used [0x00000000eb000000,0x00000000eb4c0658,0x00000000efc00000)
  from space 30720K, 61% used [0x00000000efc00000,0x00000000f0e96a10,0x00000000f1a00000)
  to   space 31232K, 0% used [0x00000000f2080000,0x00000000f2080000,0x00000000f3f00000)
 ParOldGen       total 82432K, used 18596K [0x00000000c1000000, 0x00000000c6080000, 0x00000000eb000000)
  object space 82432K, 22% used [0x00000000c1000000,0x00000000c22292d0,0x00000000c6080000)
 Metaspace       used 12794K, capacity 12988K, committed 13184K, reserved 1060864K
  class space    used 1571K, capacity 1636K, committed 1664K, reserved 1048576K

Card table byte_map: [0x0000000012240000,0x0000000012440000] byte_map_base: 0x0000000011c38000

Marking Bits: (ParMarkBitMap*) 0x0000000063a2a6c0
 Begin Bits: [0x0000000012990000, 0x0000000013950000)
 End Bits:   [0x0000000013950000, 0x0000000014910000)

Polling page: 0x0000000002c30000

CodeCache: size=245760Kb used=4701Kb max_used=4701Kb free=241058Kb
 bounds [0x0000000002e80000, 0x0000000003320000, 0x0000000011e80000]
 total_blobs=1847 nmethods=1326 adapters=433
 compilation: enabled

Compilation events (10 events):
Event: 43.277 Thread 0x00000000154ae000 1342       3       java.awt.geom.Point2D$Float::getY (6 bytes)
Event: 43.277 Thread 0x00000000154ae000 nmethod 1342 0x0000000002f8c150 code [0x0000000002f8c2a0, 0x0000000002f8c3f0]
Event: 43.277 Thread 0x00000000154ae000 1343       1       java.awt.MultipleGradientPaint::getTransparency (5 bytes)
Event: 43.277 Thread 0x00000000154ae000 nmethod 1343 0x0000000002f8be50 code [0x0000000002f8bfa0, 0x0000000002f8c0b0]
Event: 43.277 Thread 0x00000000154ae000 1344       3       sun.java2d.SunGraphics2D::setRenderingHint (555 bytes)
Event: 43.280 Thread 0x00000000154ae000 nmethod 1344 0x0000000003316150 code [0x0000000003316480, 0x00000000033185a8]
Event: 44.641 Thread 0x00000000154ae000 1345   !   3       sun.awt.image.VolatileSurfaceManager::validate (204 bytes)
Event: 44.642 Thread 0x00000000154ae000 nmethod 1345 0x0000000003319010 code [0x0000000003319240, 0x000000000331a1a8]
Event: 45.035 Thread 0x00000000154ae000 1347   !   3       sun.java2d.Disposer::clearDeferredRecords (70 bytes)
Event: 45.036 Thread 0x00000000154ae000 nmethod 1347 0x000000000331a510 code [0x000000000331a740, 0x000000000331b4b8]

GC Heap History (10 events):
Event: 36.634 GC heap before
{Heap before GC invocations=18 (full 3):
 PSYoungGen      total 87040K, used 83250K [0x00000000eb000000, 0x00000000f2900000, 0x0000000100000000)
  eden space 64000K, 96% used [0x00000000eb000000,0x00000000eec0c8f8,0x00000000eee80000)
  from space 23040K, 94% used [0x00000000f0880000,0x00000000f1dc0070,0x00000000f1f00000)
  to   space 26624K, 0% used [0x00000000eee80000,0x00000000eee80000,0x00000000f0880000)
 ParOldGen       total 82432K, used 18556K [0x00000000c1000000, 0x00000000c6080000, 0x00000000eb000000)
  object space 82432K, 22% used [0x00000000c1000000,0x00000000c221f2d0,0x00000000c6080000)
 Metaspace       used 12561K, capacity 12796K, committed 12928K, reserved 1060864K
  class space    used 1552K, capacity 1636K, committed 1664K, reserved 1048576K
Event: 36.638 GC heap after
Heap after GC invocations=18 (full 3):
 PSYoungGen      total 90624K, used 16360K [0x00000000eb000000, 0x00000000f2c80000, 0x0000000100000000)
  eden space 64000K, 0% used [0x00000000eb000000,0x00000000eb000000,0x00000000eee80000)
  from space 26624K, 61% used [0x00000000eee80000,0x00000000efe7a050,0x00000000f0880000)
  to   space 27136K, 0% used [0x00000000f1200000,0x00000000f1200000,0x00000000f2c80000)
 ParOldGen       total 82432K, used 18564K [0x00000000c1000000, 0x00000000c6080000, 0x00000000eb000000)
  object space 82432K, 22% used [0x00000000c1000000,0x00000000c22212d0,0x00000000c6080000)
 Metaspace       used 12561K, capacity 12796K, committed 12928K, reserved 1060864K
  class space    used 1552K, capacity 1636K, committed 1664K, reserved 1048576K
}
Event: 38.417 GC heap before
{Heap before GC invocations=19 (full 3):
 PSYoungGen      total 90624K, used 79981K [0x00000000eb000000, 0x00000000f2c80000, 0x0000000100000000)
  eden space 64000K, 99% used [0x00000000eb000000,0x00000000eee21490,0x00000000eee80000)
  from space 26624K, 61% used [0x00000000eee80000,0x00000000efe7a050,0x00000000f0880000)
  to   space 27136K, 0% used [0x00000000f1200000,0x00000000f1200000,0x00000000f2c80000)
 ParOldGen       total 82432K, used 18564K [0x00000000c1000000, 0x00000000c6080000, 0x00000000eb000000)
  object space 82432K, 22% used [0x00000000c1000000,0x00000000c22212d0,0x00000000c6080000)
 Metaspace       used 12587K, capacity 12796K, committed 12928K, reserved 1060864K
  class space    used 1552K, capacity 1636K, committed 1664K, reserved 1048576K
Event: 38.434 GC heap after
Heap after GC invocations=19 (full 3):
 PSYoungGen      total 98304K, used 19719K [0x00000000eb000000, 0x00000000f3100000, 0x0000000100000000)
  eden space 71168K, 0% used [0x00000000eb000000,0x00000000eb000000,0x00000000ef580000)
  from space 27136K, 72% used [0x00000000f1200000,0x00000000f2541ff0,0x00000000f2c80000)
  to   space 29184K, 0% used [0x00000000ef580000,0x00000000ef580000,0x00000000f1200000)
 ParOldGen       total 82432K, used 18572K [0x00000000c1000000, 0x00000000c6080000, 0x00000000eb000000)
  object space 82432K, 22% used [0x00000000c1000000,0x00000000c22232d0,0x00000000c6080000)
 Metaspace       used 12587K, capacity 12796K, committed 12928K, reserved 1060864K
  class space    used 1552K, capacity 1636K, committed 1664K, reserved 1048576K
}
Event: 39.720 GC heap before
{Heap before GC invocations=20 (full 3):
 PSYoungGen      total 98304K, used 90287K [0x00000000eb000000, 0x00000000f3100000, 0x0000000100000000)
  eden space 71168K, 99% used [0x00000000eb000000,0x00000000ef4e9de8,0x00000000ef580000)
  from space 27136K, 72% used [0x00000000f1200000,0x00000000f2541ff0,0x00000000f2c80000)
  to   space 29184K, 0% used [0x00000000ef580000,0x00000000ef580000,0x00000000f1200000)
 ParOldGen       total 82432K, used 18572K [0x00000000c1000000, 0x00000000c6080000, 0x00000000eb000000)
  object space 82432K, 22% used [0x00000000c1000000,0x00000000c22232d0,0x00000000c6080000)
 Metaspace       used 12604K, capacity 12796K, committed 12928K, reserved 1060864K
  class space    used 1552K, capacity 1636K, committed 1664K, reserved 1048576K
Event: 39.727 GC heap after
Heap after GC invocations=20 (full 3):
 PSYoungGen      total 100352K, used 18877K [0x00000000eb000000, 0x00000000f3780000, 0x0000000100000000)
  eden space 71168K, 0% used [0x00000000eb000000,0x00000000eb000000,0x00000000ef580000)
  from space 29184K, 64% used [0x00000000ef580000,0x00000000f07ef6e0,0x00000000f1200000)
  to   space 30208K, 0% used [0x00000000f1a00000,0x00000000f1a00000,0x00000000f3780000)
 ParOldGen       total 82432K, used 18580K [0x00000000c1000000, 0x00000000c6080000, 0x00000000eb000000)
  object space 82432K, 22% used [0x00000000c1000000,0x00000000c22252d0,0x00000000c6080000)
 Metaspace       used 12604K, capacity 12796K, committed 12928K, reserved 1060864K
  class space    used 1552K, capacity 1636K, committed 1664K, reserved 1048576K
}
Event: 42.215 GC heap before
{Heap before GC invocations=21 (full 3):
 PSYoungGen      total 100352K, used 87952K [0x00000000eb000000, 0x00000000f3780000, 0x0000000100000000)
  eden space 71168K, 97% used [0x00000000eb000000,0x00000000ef3749e8,0x00000000ef580000)
  from space 29184K, 64% used [0x00000000ef580000,0x00000000f07ef6e0,0x00000000f1200000)
  to   space 30208K, 0% used [0x00000000f1a00000,0x00000000f1a00000,0x00000000f3780000)
 ParOldGen       total 82432K, used 18580K [0x00000000c1000000, 0x00000000c6080000, 0x00000000eb000000)
  object space 82432K, 22% used [0x00000000c1000000,0x00000000c22252d0,0x00000000c6080000)
 Metaspace       used 12633K, capacity 12860K, committed 12928K, reserved 1060864K
  class space    used 1552K, capacity 1636K, committed 1664K, reserved 1048576K
Event: 42.224 GC heap after
Heap after GC invocations=21 (full 3):
 PSYoungGen      total 108032K, used 19002K [0x00000000eb000000, 0x00000000f3800000, 0x0000000100000000)
  eden space 77824K, 0% used [0x00000000eb000000,0x00000000eb000000,0x00000000efc00000)
  from space 30208K, 62% used [0x00000000f1a00000,0x00000000f2c8ea10,0x00000000f3780000)
  to   space 30720K, 0% used [0x00000000efc00000,0x00000000efc00000,0x00000000f1a00000)
 ParOldGen       total 82432K, used 18588K [0x00000000c1000000, 0x00000000c6080000, 0x00000000eb000000)
  object space 82432K, 22% used [0x00000000c1000000,0x00000000c22272d0,0x00000000c6080000)
 Metaspace       used 12633K, capacity 12860K, committed 12928K, reserved 1060864K
  class space    used 1552K, capacity 1636K, committed 1664K, reserved 1048576K
}
Event: 45.016 GC heap before
{Heap before GC invocations=22 (full 3):
 PSYoungGen      total 108032K, used 96301K [0x00000000eb000000, 0x00000000f3800000, 0x0000000100000000)
  eden space 77824K, 99% used [0x00000000eb000000,0x00000000efb7cca8,0x00000000efc00000)
  from space 30208K, 62% used [0x00000000f1a00000,0x00000000f2c8ea10,0x00000000f3780000)
  to   space 30720K, 0% used [0x00000000efc00000,0x00000000efc00000,0x00000000f1a00000)
 ParOldGen       total 82432K, used 18588K [0x00000000c1000000, 0x00000000c6080000, 0x00000000eb000000)
  object space 82432K, 22% used [0x00000000c1000000,0x00000000c22272d0,0x00000000c6080000)
 Metaspace       used 12792K, capacity 12988K, committed 13184K, reserved 1060864K
  class space    used 1571K, capacity 1636K, committed 1664K, reserved 1048576K
Event: 45.023 GC heap after
Heap after GC invocations=22 (full 3):
 PSYoungGen      total 108544K, used 19034K [0x00000000eb000000, 0x00000000f3f00000, 0x0000000100000000)
  eden space 77824K, 0% used [0x00000000eb000000,0x00000000eb000000,0x00000000efc00000)
  from space 30720K, 61% used [0x00000000efc00000,0x00000000f0e96a10,0x00000000f1a00000)
  to   space 31232K, 0% used [0x00000000f2080000,0x00000000f2080000,0x00000000f3f00000)
 ParOldGen       total 82432K, used 18596K [0x00000000c1000000, 0x00000000c6080000, 0x00000000eb000000)
  object space 82432K, 22% used [0x00000000c1000000,0x00000000c22292d0,0x00000000c6080000)
 Metaspace       used 12792K, capacity 12988K, committed 13184K, reserved 1060864K
  class space    used 1571K, capacity 1636K, committed 1664K, reserved 1048576K
}

Deoptimization events (9 events):
Event: 2.231 Thread 0x00000000176cf000 Uncommon trap: reason=class_check action=maybe_recompile pc=0x000000000307dbc0 method=java.util.HashMap.putVal(ILjava/lang/Object;Ljava/lang/Object;ZZ)Ljava/lang/Object; @ 253
Event: 2.232 Thread 0x00000000176cf000 Uncommon trap: reason=class_check action=maybe_recompile pc=0x000000000307dbc0 method=java.util.HashMap.putVal(ILjava/lang/Object;Ljava/lang/Object;ZZ)Ljava/lang/Object; @ 253
Event: 2.232 Thread 0x00000000176cf000 Uncommon trap: reason=class_check action=maybe_recompile pc=0x000000000307dbc0 method=java.util.HashMap.putVal(ILjava/lang/Object;Ljava/lang/Object;ZZ)Ljava/lang/Object; @ 253
Event: 2.238 Thread 0x00000000176cf000 Uncommon trap: reason=class_check action=maybe_recompile pc=0x000000000307dbc0 method=java.util.HashMap.putVal(ILjava/lang/Object;Ljava/lang/Object;ZZ)Ljava/lang/Object; @ 253
Event: 2.238 Thread 0x00000000176cf000 Uncommon trap: reason=class_check action=maybe_recompile pc=0x000000000306e070 method=java.util.HashMap.putVal(ILjava/lang/Object;Ljava/lang/Object;ZZ)Ljava/lang/Object; @ 253
Event: 7.174 Thread 0x00000000176cf000 Uncommon trap: reason=unstable_if action=reinterpret pc=0x0000000003173978 method=com.googlecode.javacv.cpp.opencv_core$IplImage.flipCopyWithGamma(Ljava/nio/ByteBuffer;ILjava/nio/ByteBuffer;IZDZI)V @ 50
Event: 20.539 Thread 0x0000000017603800 Uncommon trap: reason=unstable_if action=reinterpret pc=0x000000000322ce10 method=java.awt.Component.inside(II)Z @ 13
Event: 45.024 Thread 0x0000000002d9a800 Uncommon trap: reason=unstable_if action=reinterpret pc=0x000000000325f794 method=java.util.concurrent.locks.ReentrantLock$Sync.tryRelease(I)Z @ 28
Event: 45.024 Thread 0x0000000002d9a800 Uncommon trap: reason=unstable_if action=reinterpret pc=0x0000000003258340 method=java.util.concurrent.locks.ReentrantLock$Sync.tryRelease(I)Z @ 28

Internal exceptions (10 events):
Event: 0.449 Thread 0x0000000002e7e000 Exception <a 'java/lang/ClassNotFoundException': ToggleButton> (0x00000000eb3b6f40) thrown at [C:\re\workspace\8-2-build-windows-amd64-cygwin\jdk8u111\7883\hotspot\src\share\vm\classfile\systemDictionary.cpp, line 210]
Event: 0.449 Thread 0x0000000002e7e000 Exception <a 'java/lang/ClassNotFoundException': javax/swing/JToolBarSeparator> (0x00000000eb3b73a0) thrown at [C:\re\workspace\8-2-build-windows-amd64-cygwin\jdk8u111\7883\hotspot\src\share\vm\classfile\systemDictionary.cpp, line 210]
Event: 0.449 Thread 0x0000000002e7e000 Exception <a 'java/lang/ClassNotFoundException': ToolBarSeparator> (0x00000000eb3b7838) thrown at [C:\re\workspace\8-2-build-windows-amd64-cygwin\jdk8u111\7883\hotspot\src\share\vm\classfile\systemDictionary.cpp, line 210]
Event: 0.449 Thread 0x0000000002e7e000 Exception <a 'java/lang/ClassNotFoundException': ToolTip> (0x00000000eb3b7f78) thrown at [C:\re\workspace\8-2-build-windows-amd64-cygwin\jdk8u111\7883\hotspot\src\share\vm\classfile\systemDictionary.cpp, line 210]
Event: 0.451 Thread 0x0000000002e7e000 Exception <a 'java/lang/ClassNotFoundException': Tree> (0x00000000eb3b8b98) thrown at [C:\re\workspace\8-2-build-windows-amd64-cygwin\jdk8u111\7883\hotspot\src\share\vm\classfile\systemDictionary.cpp, line 210]
Event: 0.451 Thread 0x0000000002e7e000 Exception <a 'java/lang/ClassNotFoundException': Tree> (0x00000000eb3b92d8) thrown at [C:\re\workspace\8-2-build-windows-amd64-cygwin\jdk8u111\7883\hotspot\src\share\vm\classfile\systemDictionary.cpp, line 210]
Event: 0.451 Thread 0x0000000002e7e000 Exception <a 'java/lang/ClassNotFoundException': javax/swing/JTreeCell> (0x00000000eb3b9658) thrown at [C:\re\workspace\8-2-build-windows-amd64-cygwin\jdk8u111\7883\hotspot\src\share\vm\classfile\systemDictionary.cpp, line 210]
Event: 0.451 Thread 0x0000000002e7e000 Exception <a 'java/lang/ClassNotFoundException': TreeCell> (0x00000000eb3b9ae0) thrown at [C:\re\workspace\8-2-build-windows-amd64-cygwin\jdk8u111\7883\hotspot\src\share\vm\classfile\systemDictionary.cpp, line 210]
Event: 0.451 Thread 0x0000000002e7e000 Exception <a 'java/lang/ClassNotFoundException': RootPane> (0x00000000eb3ba540) thrown at [C:\re\workspace\8-2-build-windows-amd64-cygwin\jdk8u111\7883\hotspot\src\share\vm\classfile\systemDictionary.cpp, line 210]
Event: 36.372 Thread 0x0000000017b18800 Exception <a 'sun/java2d/InvalidPipeException': bounds changed> (0x00000000eb2cb378) thrown at [C:\re\workspace\8-2-build-windows-amd64-cygwin\jdk8u111\7883\hotspot\src\share\vm\prims\jni.cpp, line 735]

Events (10 events):
Event: 42.611 Thread 0x00000000154ae000 flushing nmethod 0x0000000003061510
Event: 43.012 Thread 0x00000000154ae000 flushing nmethod 0x000000000306e750
Event: 45.016 Executing VM operation: ParallelGCFailedAllocation
Event: 45.023 Executing VM operation: ParallelGCFailedAllocation done
Event: 45.024 Thread 0x0000000002d9a800 Uncommon trap: trap_request=0xffffff65 fr.pc=0x000000000325f794
Event: 45.024 Thread 0x0000000002d9a800 DEOPT PACKING pc=0x000000000325f794 sp=0x000000001681f050
Event: 45.024 Thread 0x0000000002d9a800 DEOPT UNPACKING pc=0x0000000002ec582a sp=0x000000001681ef30 mode 2
Event: 45.024 Thread 0x0000000002d9a800 Uncommon trap: trap_request=0xffffff65 fr.pc=0x0000000003258340
Event: 45.024 Thread 0x0000000002d9a800 DEOPT PACKING pc=0x0000000003258340 sp=0x000000001681ef60
Event: 45.024 Thread 0x0000000002d9a800 DEOPT UNPACKING pc=0x0000000002ec582a sp=0x000000001681eee8 mode 2


Dynamic libraries:
0x00007ff7d4e30000 - 0x00007ff7d4e67000 	C:\Program Files\Java\jdk1.8.0_111\jre\bin\java.exe
0x00007ff96c540000 - 0x00007ff96c72d000 	C:\Windows\SYSTEM32\ntdll.dll
0x00007ff969770000 - 0x00007ff969823000 	C:\Windows\System32\KERNEL32.DLL
0x00007ff969030000 - 0x00007ff9692c3000 	C:\Windows\System32\KERNELBASE.dll
0x00007ff96bd10000 - 0x00007ff96bdb3000 	C:\Windows\System32\ADVAPI32.dll
0x00007ff96c090000 - 0x00007ff96c12e000 	C:\Windows\System32\msvcrt.dll
0x00007ff9699c0000 - 0x00007ff969a5e000 	C:\Windows\System32\sechost.dll
0x00007ff96b750000 - 0x00007ff96b872000 	C:\Windows\System32\RPCRT4.dll
0x00007ff96be20000 - 0x00007ff96bfb7000 	C:\Windows\System32\USER32.dll
0x00007ff968810000 - 0x00007ff968830000 	C:\Windows\System32\win32u.dll
0x00007ff969a60000 - 0x00007ff969a89000 	C:\Windows\System32\GDI32.dll
0x00007ff968610000 - 0x00007ff9687aa000 	C:\Windows\System32\gdi32full.dll
0x00007ff9692d0000 - 0x00007ff969370000 	C:\Windows\System32\msvcp_win.dll
0x00007ff9695c0000 - 0x00007ff9696ba000 	C:\Windows\System32\ucrtbase.dll
0x00007ff95cc40000 - 0x00007ff95ceb9000 	C:\Windows\WinSxS\amd64_microsoft.windows.common-controls_6595b64144ccf1df_6.0.17763.437_none_05b63dca071e5dd6\COMCTL32.dll
0x00007ff96b880000 - 0x00007ff96bbac000 	C:\Windows\System32\combase.dll
0x00007ff9696f0000 - 0x00007ff96976e000 	C:\Windows\System32\bcryptPrimitives.dll
0x00007ff96bce0000 - 0x00007ff96bd0e000 	C:\Windows\System32\IMM32.DLL
0x0000000063130000 - 0x0000000063202000 	C:\Program Files\Java\jdk1.8.0_111\jre\bin\msvcr100.dll
0x0000000063210000 - 0x0000000063aaa000 	C:\Program Files\Java\jdk1.8.0_111\jre\bin\server\jvm.dll
0x00007ff96c500000 - 0x00007ff96c508000 	C:\Windows\System32\PSAPI.DLL
0x00007ff95af40000 - 0x00007ff95af49000 	C:\Windows\SYSTEM32\WSOCK32.dll
0x00007ff964eb0000 - 0x00007ff964ed4000 	C:\Windows\SYSTEM32\WINMM.dll
0x00007ff9641f0000 - 0x00007ff9641fa000 	C:\Windows\SYSTEM32\VERSION.dll
0x00007ff96c390000 - 0x00007ff96c3fd000 	C:\Windows\System32\WS2_32.dll
0x00007ff964e80000 - 0x00007ff964ead000 	C:\Windows\SYSTEM32\winmmbase.dll
0x00007ff969390000 - 0x00007ff9693da000 	C:\Windows\System32\cfgmgr32.dll
0x00000000630e0000 - 0x00000000630ef000 	C:\Program Files\Java\jdk1.8.0_111\jre\bin\verify.dll
0x00000000630b0000 - 0x00000000630d9000 	C:\Program Files\Java\jdk1.8.0_111\jre\bin\java.dll
0x0000000063090000 - 0x00000000630a6000 	C:\Program Files\Java\jdk1.8.0_111\jre\bin\zip.dll
0x00007ff96a260000 - 0x00007ff96b750000 	C:\Windows\System32\SHELL32.dll
0x00007ff96c2e0000 - 0x00007ff96c388000 	C:\Windows\System32\shcore.dll
0x00007ff9688e0000 - 0x00007ff96902a000 	C:\Windows\System32\windows.storage.dll
0x00007ff9685e0000 - 0x00007ff968604000 	C:\Windows\System32\profapi.dll
0x00007ff968580000 - 0x00007ff9685dd000 	C:\Windows\System32\powrprof.dll
0x00007ff96a200000 - 0x00007ff96a252000 	C:\Windows\System32\shlwapi.dll
0x00007ff968540000 - 0x00007ff968551000 	C:\Windows\System32\kernel.appcore.dll
0x00007ff969370000 - 0x00007ff969387000 	C:\Windows\System32\cryptsp.dll
0x0000000062eb0000 - 0x0000000063048000 	C:\Program Files\Java\jdk1.8.0_111\jre\bin\awt.dll
0x00007ff96bfc0000 - 0x00007ff96c084000 	C:\Windows\System32\OLEAUT32.dll
0x00007ff966800000 - 0x00007ff96688c000 	C:\Windows\SYSTEM32\apphelp.dll
0x00007ff9668f0000 - 0x00007ff96698c000 	C:\Windows\system32\uxtheme.dll
0x00007ff96a090000 - 0x00007ff96a1fa000 	C:\Windows\System32\MSCTF.dll
0x00007ff966c30000 - 0x00007ff966c5e000 	C:\Windows\system32\dwmapi.dll
0x00007ff9693e0000 - 0x00007ff9695bb000 	C:\Windows\System32\CRYPT32.dll
0x00007ff968560000 - 0x00007ff968572000 	C:\Windows\System32\MSASN1.dll
0x00007ff969f20000 - 0x00007ff96a075000 	C:\Windows\System32\ole32.dll
0x0000000062e60000 - 0x0000000062ea7000 	C:\Program Files\Java\jdk1.8.0_111\jre\bin\fontmanager.dll
0x0000000063070000 - 0x000000006308a000 	C:\Program Files\Java\jdk1.8.0_111\jre\bin\net.dll
0x00007ff967dc0000 - 0x00007ff967e27000 	C:\Windows\system32\mswsock.dll
0x0000000063050000 - 0x0000000063061000 	C:\Program Files\Java\jdk1.8.0_111\jre\bin\nio.dll
0x0000000062e10000 - 0x0000000062e52000 	C:\Program Files\Java\jdk1.8.0_111\jre\bin\t2k.dll
0x00007ff95ac50000 - 0x00007ff95ace5000 	C:\Windows\System32\TextInputFramework.dll
0x00007ff963640000 - 0x00007ff963962000 	C:\Windows\System32\CoreUIComponents.dll
0x00007ff9665f0000 - 0x00007ff9666d2000 	C:\Windows\System32\CoreMessaging.dll
0x00007ff967600000 - 0x00007ff967631000 	C:\Windows\SYSTEM32\ntmarta.dll
0x00007ff9644b0000 - 0x00007ff964603000 	C:\Windows\SYSTEM32\wintypes.dll
0x0000000062dd0000 - 0x0000000062dfa000 	C:\Program Files\Java\jdk1.8.0_111\jre\bin\dcpr.dll
0x0000000062a80000 - 0x0000000062b51000 	C:\Users\Parth Kaushik\AppData\Local\Temp\javacpp4027611893700\msvcr100.dll
0x00000000629e0000 - 0x0000000062a78000 	C:\Users\Parth Kaushik\AppData\Local\Temp\javacpp4027611893700\msvcp100.dll
0x0000000066840000 - 0x00000000676b4000 	C:\Users\Parth Kaushik\AppData\Local\Temp\javacpp4027611893700\opencv_ffmpeg248_64.dll
0x00007ff920f50000 - 0x00007ff9211c2000 	C:\Users\Parth Kaushik\AppData\Local\Temp\javacpp4027611893700\opencv_core248.dll
0x00007ff920c90000 - 0x00007ff920f42000 	C:\Users\Parth Kaushik\AppData\Local\Temp\javacpp4027611893700\opencv_imgproc248.dll
0x00007ff920a40000 - 0x00007ff920c8d000 	C:\Users\Parth Kaushik\AppData\Local\Temp\javacpp4027611893700\opencv_highgui248.dll
0x00007ff95af50000 - 0x00007ff95af68000 	C:\Windows\SYSTEM32\AVICAP32.dll
0x00007ff9652d0000 - 0x00007ff9652f0000 	C:\Windows\SYSTEM32\AVIFIL32.dll
0x00007ff9541a0000 - 0x00007ff9541c9000 	C:\Windows\SYSTEM32\MSVFW32.dll
0x00007ff939df0000 - 0x00007ff939e0c000 	C:\Windows\SYSTEM32\MSACM32.dll
0x00007ff965350000 - 0x00007ff965363000 	C:\Users\Parth Kaushik\AppData\Local\Temp\javacpp4027611893700\jniopencv_highgui.dll
0x00007ff969830000 - 0x00007ff9698d2000 	C:\Windows\System32\clbcatq.dll
0x00007ff952f10000 - 0x00007ff952f28000 	C:\Windows\System32\devenum.dll
0x00007ff969aa0000 - 0x00007ff969f16000 	C:\Windows\System32\setupapi.dll
0x00007ff9696c0000 - 0x00007ff9696e6000 	C:\Windows\System32\bcrypt.dll
0x00007ff968350000 - 0x00007ff968379000 	C:\Windows\SYSTEM32\DEVOBJ.dll
0x00007ff9687b0000 - 0x00007ff968809000 	C:\Windows\System32\WINTRUST.dll
0x00007ff964c40000 - 0x00007ff964c4b000 	C:\Windows\SYSTEM32\msdmo.dll
0x00007ff9449a0000 - 0x00007ff9449d4000 	C:\Windows\System32\qcap.dll
0x00007ff92d720000 - 0x00007ff92d8e5000 	C:\Windows\System32\quartz.dll
0x00007ff944790000 - 0x00007ff9447da000 	C:\Windows\System32\mfksproxy.dll
0x00007ff95aad0000 - 0x00007ff95aaec000 	C:\Windows\System32\ATL.DLL
0x00007ff963da0000 - 0x00007ff963fa1000 	C:\Windows\System32\MFPlat.DLL
0x00007ff963bc0000 - 0x00007ff963bef000 	C:\Windows\System32\RTWorkQ.DLL
0x00007ff944730000 - 0x00007ff944784000 	C:\Windows\System32\MFSENSORGROUP.dll
0x00007ff9446e0000 - 0x00007ff94472a000 	C:\Windows\System32\ksproxy.ax
0x00007ff95df80000 - 0x00007ff95e11e000 	C:\Windows\System32\d3d9.dll
0x00007ff952cb0000 - 0x00007ff952cb9000 	C:\Windows\System32\ksuser.dll
0x00007ff95fda0000 - 0x00007ff95fe20000 	C:\Windows\SYSTEM32\policymanager.dll
0x00007ff964cd0000 - 0x00007ff964d5a000 	C:\Windows\System32\msvcp110_win.dll
0x00007ff963fe0000 - 0x00007ff963fed000 	C:\Windows\System32\vidcap.ax
0x00007ff952700000 - 0x00007ff952726000 	C:\Windows\System32\kswdmcap.ax
0x00007ff92a410000 - 0x00007ff92a572000 	C:\Windows\System32\MFC42.dll
0x00007ff944630000 - 0x00007ff9446d1000 	C:\Windows\System32\qedit.dll
0x00007ff96bbb0000 - 0x00007ff96bcd7000 	C:\Windows\System32\COMDLG32.dll
0x00007ff95d7a0000 - 0x00007ff95d945000 	C:\Windows\WinSxS\amd64_microsoft.windows.gdiplus_6595b64144ccf1df_1.1.17763.437_none_36a130af61b0d7a4\gdiplus.dll
0x00007ff932ac0000 - 0x00007ff932bb9000 	C:\Windows\System32\DDRAW.dll
0x00007ff954040000 - 0x00007ff954048000 	C:\Windows\System32\DCIMAN32.dll
0x00007ff9672c0000 - 0x00007ff967382000 	C:\Windows\System32\dxgi.dll
0x00007ff955be0000 - 0x00007ff955c7a000 	C:\Users\Parth Kaushik\AppData\Local\Temp\javacpp4027611893700\jniopencv_core.dll
0x00007ff954bd0000 - 0x00007ff954dbd000 	C:\Windows\SYSTEM32\dbghelp.dll

VM Arguments:
jvm_args: -Dfile.encoding=UTF-8 
java_command: ehealthsys.Imagecapture
java_class_path (initial): C:\Users\Parth Kaushik\Desktop\Java-Health-Systems-master\Java-Health-Systems-master\ehealthsys\dist\ehealthsys.jar;C:\Program Files\Java\jdk1.8.0_111\jre\lib\javaws.jar;C:\Program Files\Java\jdk1.8.0_111\jre\lib\deploy.jar;C:\Program Files\Java\jdk1.8.0_111\jre\lib\plugin.jar;C:\javacv-bin\javacpp.jar;C:\javacv-bin\javacv-windows-x86.jar;C:\javacv-bin\javacv-windows-x86_64.jar;C:\javacv-bin\javacv.jar;C:\javacv-cppjars\ffmpeg-2.1.1-windows-x86.jar;C:\javacv-cppjars\ffmpeg-2.1.1-windows-x86_64.jar;C:\javacv-cppjars\opencv-2.4.8-windows-x86.jar;C:\javacv-cppjars\opencv-2.4.8-windows-x86_64.jar;C:\Users\Parth Kaushik\Desktop\Java-Health-Systems-master\Java-Health-Systems-master\ehealthsys\build\classes
Launcher Type: SUN_STANDARD

Environment Variables:
PATH=C:\ProgramData\Oracle\Java\javapath;C:\Program Files\Microsoft MPI\Bin\;C:\Program Files (x86)\Common Files\Oracle\Java\javapath;C:\Windows\system32;C:\Windows;C:\Windows\System32\Wbem;C:\Windows\System32\WindowsPowerShell\v1.0\;C:\Windows\System32\OpenSSH\;C:\Program Files (x86)\Microsoft SQL Server\140\DTS\Binn\;C:\Program Files\Microsoft SQL Server\140\DTS\Binn\;C:\Program Files\Microsoft SQL Server\Client SDK\ODBC\130\Tools\Binn\;C:\Program Files (x86)\Microsoft SQL Server\140\Tools\Binn\;C:\Program Files\Microsoft SQL Server\140\Tools\Binn\;C:\opencv\build\x64\vc14\bin;C:\Users\Parth Kaushik\AppData\Local\Microsoft\WindowsApps;
USERNAME=Parth Kaushik
OS=Windows_NT
PROCESSOR_IDENTIFIER=Intel64 Family 6 Model 69 Stepping 1, GenuineIntel



---------------  S Y S T E M  ---------------

OS: Windows 10.0 , 64 bit Build 17763 (10.0.17763.437)

CPU:total 4 (2 cores per cpu, 2 threads per core) family 6 model 69 stepping 1, cmov, cx8, fxsr, mmx, sse, sse2, sse3, ssse3, sse4.1, sse4.2, popcnt, avx, avx2, aes, clmul, erms, lzcnt, ht, tsc, tscinvbit, bmi1, bmi2

Memory: 4k page, physical 4122776k(615884k free), swap 7530648k(2236976k free)

vm_info: Java HotSpot(TM) 64-Bit Server VM (25.111-b14) for windows-amd64 JRE (1.8.0_111-b14), built on Sep 22 2016 19:24:05 by "java_re" with MS VC++ 10.0 (VS2010)

time: Fri Apr 26 15:36:57 2019
elapsed time: 45 seconds (0d 0h 0m 45s)

